0 info it worked if it ends with ok
1 verbose cli [ '/usr/local/bin/node',
1 verbose cli   '/usr/local/bin/npm',
1 verbose cli   'install',
1 verbose cli   '-g',
1 verbose cli   'npm-check-updates' ]
2 info using npm@2.15.1
3 info using node@v4.4.3
4 verbose install initial load of /usr/local/lib/package.json
5 verbose readDependencies loading dependencies from /usr/local/lib/package.json
6 silly cache add args [ 'npm-check-updates', null ]
7 verbose cache add spec npm-check-updates
8 silly cache add parsed spec Result {
8 silly cache add   raw: 'npm-check-updates',
8 silly cache add   scope: null,
8 silly cache add   name: 'npm-check-updates',
8 silly cache add   rawSpec: '',
8 silly cache add   spec: 'latest',
8 silly cache add   type: 'tag' }
9 silly addNamed npm-check-updates@latest
10 verbose addNamed "latest" is being treated as a dist-tag for npm-check-updates
11 info addNameTag [ 'npm-check-updates', 'latest' ]
12 silly mapToRegistry name npm-check-updates
13 silly mapToRegistry using default registry
14 silly mapToRegistry registry https://registry.npmjs.org/
15 silly mapToRegistry data Result {
15 silly mapToRegistry   raw: 'npm-check-updates',
15 silly mapToRegistry   scope: null,
15 silly mapToRegistry   name: 'npm-check-updates',
15 silly mapToRegistry   rawSpec: '',
15 silly mapToRegistry   spec: 'latest',
15 silly mapToRegistry   type: 'tag' }
16 silly mapToRegistry uri https://registry.npmjs.org/npm-check-updates
17 verbose addNameTag registry:https://registry.npmjs.org/npm-check-updates not in flight; fetching
18 verbose request uri https://registry.npmjs.org/npm-check-updates
19 verbose request no auth needed
20 info attempt registry request try #1 at 8:19:16 AM
21 verbose request id e9ff852578ea5903
22 http request GET https://registry.npmjs.org/npm-check-updates
23 http 200 https://registry.npmjs.org/npm-check-updates
24 verbose headers { server: 'CouchDB/1.5.0 (Erlang OTP/R16B03)',
24 verbose headers   etag: '"A9EKUT1BHQCQJ57AI317M9PMI"',
24 verbose headers   'content-type': 'application/json',
24 verbose headers   'content-encoding': 'gzip',
24 verbose headers   'cache-control': 'max-age=300',
24 verbose headers   'content-length': '15839',
24 verbose headers   'accept-ranges': 'bytes',
24 verbose headers   date: 'Mon, 25 Apr 2016 02:49:17 GMT',
24 verbose headers   via: '1.1 varnish',
24 verbose headers   age: '0',
24 verbose headers   connection: 'keep-alive',
24 verbose headers   'x-served-by': 'cache-sin6923-SIN',
24 verbose headers   'x-cache': 'MISS',
24 verbose headers   'x-cache-hits': '0',
24 verbose headers   'x-timer': 'S1461552557.686307,VS0,VE247',
24 verbose headers   vary: 'Accept-Encoding' }
25 silly get cb [ 200,
25 silly get   { server: 'CouchDB/1.5.0 (Erlang OTP/R16B03)',
25 silly get     etag: '"A9EKUT1BHQCQJ57AI317M9PMI"',
25 silly get     'content-type': 'application/json',
25 silly get     'content-encoding': 'gzip',
25 silly get     'cache-control': 'max-age=300',
25 silly get     'content-length': '15839',
25 silly get     'accept-ranges': 'bytes',
25 silly get     date: 'Mon, 25 Apr 2016 02:49:17 GMT',
25 silly get     via: '1.1 varnish',
25 silly get     age: '0',
25 silly get     connection: 'keep-alive',
25 silly get     'x-served-by': 'cache-sin6923-SIN',
25 silly get     'x-cache': 'MISS',
25 silly get     'x-cache-hits': '0',
25 silly get     'x-timer': 'S1461552557.686307,VS0,VE247',
25 silly get     vary: 'Accept-Encoding' } ]
26 verbose get saving npm-check-updates to /Users/sunnypuli/.npm/registry.npmjs.org/npm-check-updates/.cache.json
27 verbose correctMkdir /Users/sunnypuli/.npm correctMkdir not in flight; initializing
28 silly addNameTag next cb for npm-check-updates with tag latest
29 silly addNamed npm-check-updates@2.6.3
30 verbose addNamed "2.6.3" is a plain semver version for npm-check-updates
31 silly mapToRegistry name npm-check-updates
32 silly mapToRegistry using default registry
33 silly mapToRegistry registry https://registry.npmjs.org/
34 silly mapToRegistry data Result {
34 silly mapToRegistry   raw: 'npm-check-updates',
34 silly mapToRegistry   scope: null,
34 silly mapToRegistry   name: 'npm-check-updates',
34 silly mapToRegistry   rawSpec: '',
34 silly mapToRegistry   spec: 'latest',
34 silly mapToRegistry   type: 'tag' }
35 silly mapToRegistry uri https://registry.npmjs.org/npm-check-updates
36 verbose addRemoteTarball https://registry.npmjs.org/npm-check-updates/-/npm-check-updates-2.6.3.tgz not in flight; adding
37 verbose addRemoteTarball [ 'https://registry.npmjs.org/npm-check-updates/-/npm-check-updates-2.6.3.tgz',
37 verbose addRemoteTarball   'dffcafd89f17168e84f1b2b31b0fe806afa25724' ]
38 info retry fetch attempt 1 at 8:19:18 AM
39 info attempt registry request try #1 at 8:19:18 AM
40 http fetch GET https://registry.npmjs.org/npm-check-updates/-/npm-check-updates-2.6.3.tgz
41 http fetch 200 https://registry.npmjs.org/npm-check-updates/-/npm-check-updates-2.6.3.tgz
42 silly fetchAndShaCheck shasum dffcafd89f17168e84f1b2b31b0fe806afa25724
43 verbose addTmpTarball /var/folders/zh/f8zxj0dd1qlg8x21dlng81gm0000gn/T/npm-9979-3b540569/registry.npmjs.org/npm-check-updates/-/npm-check-updates-2.6.3.tgz not in flight; adding
44 verbose addTmpTarball already have metadata; skipping unpack for npm-check-updates@2.6.3
45 verbose correctMkdir /Users/sunnypuli/.npm correctMkdir not in flight; initializing
46 silly cache afterAdd npm-check-updates@2.6.3
47 verbose afterAdd /Users/sunnypuli/.npm/npm-check-updates/2.6.3/package/package.json not in flight; writing
48 verbose correctMkdir /Users/sunnypuli/.npm correctMkdir not in flight; initializing
49 verbose afterAdd /Users/sunnypuli/.npm/npm-check-updates/2.6.3/package/package.json written
50 silly install resolved [ { name: 'npm-check-updates',
50 silly install resolved     version: '2.6.3',
50 silly install resolved     author: { name: 'Tomas Junnonen', email: 'tomas1@gmail.com' },
50 silly install resolved     license: 'MIT',
50 silly install resolved     contributors: [ [Object] ],
50 silly install resolved     description: 'Find newer versions of dependencies than what your package.json or bower.json allows',
50 silly install resolved     keywords:
50 silly install resolved      [ 'npm',
50 silly install resolved        'bower',
50 silly install resolved        'check',
50 silly install resolved        'find',
50 silly install resolved        'discover',
50 silly install resolved        'updates',
50 silly install resolved        'upgrades',
50 silly install resolved        'dependencies',
50 silly install resolved        'package.json',
50 silly install resolved        'bower.json',
50 silly install resolved        'updater',
50 silly install resolved        'version',
50 silly install resolved        'management' ],
50 silly install resolved     preferGlobal: true,
50 silly install resolved     engines: { node: '>=0.12' },
50 silly install resolved     main: './lib/npm-check-updates',
50 silly install resolved     scripts:
50 silly install resolved      { lint: 'eslint bin lib',
50 silly install resolved        test: 'npm run lint && mocha && mocha test/individual' },
50 silly install resolved     bin:
50 silly install resolved      { 'npm-check-updates': './bin/npm-check-updates',
50 silly install resolved        ncu: './bin/ncu' },
50 silly install resolved     repository:
50 silly install resolved      { type: 'git',
50 silly install resolved        url: 'git+https://github.com/tjunnone/npm-check-updates.git' },
50 silly install resolved     homepage: 'https://github.com/tjunnone/npm-check-updates',
50 silly install resolved     dynamicDependencies: { bower: '^1.6.5' },
50 silly install resolved     dependencies:
50 silly install resolved      { bluebird: '^3.0.5',
50 silly install resolved        chalk: '^1.1.1',
50 silly install resolved        cint: '^8.2.1',
50 silly install resolved        'cli-table': '^0.3.1',
50 silly install resolved        commander: '^2.9.0',
50 silly install resolved        'fast-diff': '^1.0.1',
50 silly install resolved        'find-up': '^1.1.0',
50 silly install resolved        'get-stdin': '^5.0.1',
50 silly install resolved        'json-parse-helpfulerror': '^1.0.3',
50 silly install resolved        lodash: '^3.10.1',
50 silly install resolved        'node-alias': '^1.0.3',
50 silly install resolved        npm: '^3.5.1',
50 silly install resolved        npmi: '^2.0.1-alpha',
50 silly install resolved        'require-dir': '^0.3.0',
50 silly install resolved        semver: '^5.1.0',
50 silly install resolved        'semver-utils': '^1.1.1',
50 silly install resolved        'spawn-please': '^0.1.0',
50 silly install resolved        'update-notifier': '^0.5.0' },
50 silly install resolved     devDependencies:
50 silly install resolved      { chai: '^3.4.1',
50 silly install resolved        'chai-as-promised': '^5.1.0',
50 silly install resolved        'chai-string': '^1.1.4',
50 silly install resolved        eslint: '^1.9.0',
50 silly install resolved        mocha: '^2.3.4',
50 silly install resolved        should: '^7.1.1' },
50 silly install resolved     files: [ 'bin', 'lib' ],
50 silly install resolved     gitHead: 'f10441e3cb044d40f3eca8fb2e0c144b01e8d002',
50 silly install resolved     bugs: { url: 'https://github.com/tjunnone/npm-check-updates/issues' },
50 silly install resolved     _id: 'npm-check-updates@2.6.3',
50 silly install resolved     _shasum: 'dffcafd89f17168e84f1b2b31b0fe806afa25724',
50 silly install resolved     _from: 'npm-check-updates@latest',
50 silly install resolved     _npmVersion: '3.3.12',
50 silly install resolved     _nodeVersion: '5.5.0',
50 silly install resolved     _npmUser: { name: 'raine', email: 'raineorshine@gmail.com' },
50 silly install resolved     dist:
50 silly install resolved      { shasum: 'dffcafd89f17168e84f1b2b31b0fe806afa25724',
50 silly install resolved        tarball: 'https://registry.npmjs.org/npm-check-updates/-/npm-check-updates-2.6.3.tgz' },
50 silly install resolved     maintainers: [ [Object], [Object] ],
50 silly install resolved     _npmOperationalInternal:
50 silly install resolved      { host: 'packages-12-west.internal.npmjs.com',
50 silly install resolved        tmp: 'tmp/npm-check-updates-2.6.3.tgz_1461213270094_0.8164412039332092' },
50 silly install resolved     directories: {},
50 silly install resolved     _resolved: 'https://registry.npmjs.org/npm-check-updates/-/npm-check-updates-2.6.3.tgz' } ]
51 info install npm-check-updates@2.6.3 into /usr/local/lib
52 info installOne npm-check-updates@2.6.3
53 verbose installOne of npm-check-updates to /usr/local/lib not in flight; installing
54 verbose correctMkdir /Users/sunnypuli/.npm/_locks correctMkdir not in flight; initializing
55 verbose lock using /Users/sunnypuli/.npm/_locks/npm-check-updates-16b1c8678c121f3d.lock for /usr/local/lib/node_modules/npm-check-updates
56 silly install write writing npm-check-updates 2.6.3 to /usr/local/lib/node_modules/npm-check-updates
57 verbose unbuild lib/node_modules/npm-check-updates
58 silly gentlyRm /usr/local/lib/node_modules/npm-check-updates is being purged from base /usr/local
59 verbose gentlyRm don't care about contents; nuking /usr/local/lib/node_modules/npm-check-updates
60 verbose tar unpack /Users/sunnypuli/.npm/npm-check-updates/2.6.3/package.tgz
61 verbose tar unpacking to /usr/local/lib/node_modules/npm-check-updates
62 silly gentlyRm /usr/local/lib/node_modules/npm-check-updates is being purged
63 verbose gentlyRm don't care about contents; nuking /usr/local/lib/node_modules/npm-check-updates
64 silly gunzTarPerm modes [ '755', '644' ]
65 error tar.unpack untar error /Users/sunnypuli/.npm/npm-check-updates/2.6.3/package.tgz
66 verbose unlock done using /Users/sunnypuli/.npm/_locks/npm-check-updates-16b1c8678c121f3d.lock for /usr/local/lib/node_modules/npm-check-updates
67 verbose fstream_path /usr/local/lib/node_modules/npm-check-updates
68 verbose fstream_type Directory
69 verbose fstream_class DirWriter
70 verbose stack Error: EACCES: permission denied, mkdir '/usr/local/lib/node_modules/npm-check-updates'
70 verbose stack     at Error (native)
71 verbose fstream_stack /usr/local/lib/node_modules/npm/node_modules/fstream/lib/dir-writer.js:35:25
71 verbose fstream_stack /usr/local/lib/node_modules/npm/node_modules/mkdirp/index.js:47:53
71 verbose fstream_stack FSReqWrap.oncomplete (fs.js:82:15)
72 verbose cwd /Users/sunnypuli/Desktop/Design+Code
73 error Darwin 15.4.0
74 error argv "/usr/local/bin/node" "/usr/local/bin/npm" "install" "-g" "npm-check-updates"
75 error node v4.4.3
76 error npm  v2.15.1
77 error path /usr/local/lib/node_modules/npm-check-updates
78 error code EACCES
79 error errno -13
80 error syscall mkdir
81 error Error: EACCES: permission denied, mkdir '/usr/local/lib/node_modules/npm-check-updates'
81 error     at Error (native)
81 error  { [Error: EACCES: permission denied, mkdir '/usr/local/lib/node_modules/npm-check-updates']
81 error   errno: -13,
81 error   code: 'EACCES',
81 error   syscall: 'mkdir',
81 error   path: '/usr/local/lib/node_modules/npm-check-updates',
81 error   fstream_type: 'Directory',
81 error   fstream_path: '/usr/local/lib/node_modules/npm-check-updates',
81 error   fstream_class: 'DirWriter',
81 error   fstream_stack:
81 error    [ '/usr/local/lib/node_modules/npm/node_modules/fstream/lib/dir-writer.js:35:25',
81 error      '/usr/local/lib/node_modules/npm/node_modules/mkdirp/index.js:47:53',
81 error      'FSReqWrap.oncomplete (fs.js:82:15)' ] }
82 error Please try running this command again as root/Administrator.
83 verbose exit [ -13, true ]
84 verbose unbuild lib/node_modules/npm-check-updates
85 silly gentlyRm /usr/local/lib/node_modules/npm-check-updates is being purged from base /usr/local
86 verbose gentlyRm don't care about contents; nuking /usr/local/lib/node_modules/npm-check-updates
